Using pre-set license
Built from '2021.1/staging' branch; Version is '2021.1.18f1 (25bdc3efbc2d) revision 2473411'; Using compiler version '192528614'; Build Type 'Release'
OS: 'Windows 10 Pro; OS build 19043.1526; Version 2009; 64bit' Language: 'en' Physical Memory: 32681 MB
BatchMode: 1, IsHumanControllingUs: 0, StartBugReporterOnCrash: 0, Is64bit: 1, IsPro: 0

COMMAND LINE ARGUMENTS:
C:\Program Files\Unity\Hub\Editor\2021.1.18f1\Editor\Unity.exe
-adb2
-batchMode
-noUpm
-name
AssetImportWorker0
-projectPath
E:/Projects/Github/ScholasticScalesAR
-logFile
Logs/AssetImportWorker0.log
-srvPort
49632
Successfully changed project path to: E:/Projects/Github/ScholasticScalesAR
E:/Projects/Github/ScholasticScalesAR
Using Asset Import Pipeline V2.
Refreshing native plugins compatible for Editor in 62.52 ms, found 3 plugins.
Preloading 0 native plugins for Editor in 0.00 ms.
Initialize engine version: 2021.1.18f1 (25bdc3efbc2d)
[Subsystems] Discovering subsystems at path C:/Program Files/Unity/Hub/Editor/2021.1.18f1/Editor/Data/Resources/UnitySubsystems
[Subsystems] Discovering subsystems at path E:/Projects/Github/ScholasticScalesAR/Assets
GfxDevice: creating device client; threaded=0; jobified=0
Direct3D:
    Version:  Direct3D 11.0 [level 11.1]
    Renderer: NVIDIA GeForce RTX 3090 (ID=0x2204)
    Vendor:   NVIDIA
    VRAM:     24348 MB
    Driver:   30.0.14.7247
Initialize mono
Mono path[0] = 'C:/Program Files/Unity/Hub/Editor/2021.1.18f1/Editor/Data/Managed'
Mono path[1] = 'C:/Program Files/Unity/Hub/Editor/2021.1.18f1/Editor/Data/MonoBleedingEdge/lib/mono/unityjit'
Mono config path = 'C:/Program Files/Unity/Hub/Editor/2021.1.18f1/Editor/Data/MonoBleedingEdge/etc'
Using monoOptions --debugger-agent=transport=dt_socket,embedding=1,server=y,suspend=n,address=127.0.0.1:56900
Begin MonoManager ReloadAssembly
Registering precompiled unity dll's ...
Register platform support module: C:/Program Files/Unity/Hub/Editor/2021.1.18f1/Editor/Data/PlaybackEngines/WindowsStandaloneSupport/UnityEditor.WindowsStandalone.Extensions.dll
Registered in 0.001365 seconds.
Native extension for WindowsStandalone target not found
Refreshing native plugins compatible for Editor in 62.19 ms, found 3 plugins.
Preloading 0 native plugins for Editor in 0.00 ms.
Mono: successfully reloaded assembly
- Completed reload, in  1.196 seconds
Domain Reload Profiling:
	ReloadAssembly (1196ms)
		BeginReloadAssembly (43ms)
			ExecutionOrderSort (0ms)
			DisableScriptedObjects (0ms)
			BackupInstance (0ms)
			ReleaseScriptingObjects (0ms)
			CreateAndSetChildDomain (1ms)
		EndReloadAssembly (307ms)
			LoadAssemblies (41ms)
			RebuildTransferFunctionScriptingTraits (0ms)
			SetupTypeCache (100ms)
			ReleaseScriptCaches (0ms)
			RebuildScriptCaches (18ms)
			SetupLoadedEditorAssemblies (153ms)
				LogAssemblyErrors (0ms)
				InitializePlatformSupportModulesInManaged (4ms)
				SetLoadedEditorAssemblies (0ms)
				RefreshPlugins (62ms)
				BeforeProcessingInitializeOnLoad (1ms)
				ProcessInitializeOnLoadAttributes (66ms)
				ProcessInitializeOnLoadMethodAttributes (19ms)
				AfterProcessingInitializeOnLoad (0ms)
				EditorAssembliesLoaded (0ms)
			ExecutionOrderSort2 (0ms)
			AwakeInstancesAfterBackupRestoration (0ms)
Platform modules already initialized, skipping
Registering precompiled user dll's ...
Registered in 0.002753 seconds.
Begin MonoManager ReloadAssembly
Symbol file LoadedFromMemory doesn't match image E:\Projects\Github\ScholasticScalesAR\Library\PackageCache\com.unity.visualscripting@1.6.1\Editor\VisualScripting.Core\Dependencies\YamlDotNet\Unity.VisualScripting.YamlDotNet.dll
Symbol file LoadedFromMemory doesn't match image E:\Projects\Github\ScholasticScalesAR\Library\PackageCache\com.unity.visualscripting@1.6.1\Editor\VisualScripting.Core\Dependencies\DotNetZip\Unity.VisualScripting.IonicZip.dll
Native extension for WindowsStandalone target not found
Refreshing native plugins compatible for Editor in 60.32 ms, found 3 plugins.
Preloading 0 native plugins for Editor in 0.00 ms.
Mono: successfully reloaded assembly
- Completed reload, in  0.872 seconds
Domain Reload Profiling:
	ReloadAssembly (872ms)
		BeginReloadAssembly (102ms)
			ExecutionOrderSort (0ms)
			DisableScriptedObjects (3ms)
			BackupInstance (0ms)
			ReleaseScriptingObjects (0ms)
			CreateAndSetChildDomain (17ms)
		EndReloadAssembly (731ms)
			LoadAssemblies (64ms)
			RebuildTransferFunctionScriptingTraits (0ms)
			SetupTypeCache (217ms)
			ReleaseScriptCaches (0ms)
			RebuildScriptCaches (35ms)
			SetupLoadedEditorAssemblies (359ms)
				LogAssemblyErrors (0ms)
				InitializePlatformSupportModulesInManaged (3ms)
				SetLoadedEditorAssemblies (0ms)
				RefreshPlugins (60ms)
				BeforeProcessingInitializeOnLoad (55ms)
				ProcessInitializeOnLoadAttributes (233ms)
				ProcessInitializeOnLoadMethodAttributes (3ms)
				AfterProcessingInitializeOnLoad (5ms)
				EditorAssembliesLoaded (0ms)
			ExecutionOrderSort2 (0ms)
			AwakeInstancesAfterBackupRestoration (4ms)
Platform modules already initialized, skipping
========================================================================
Worker process is ready to serve import requests
Launched and connected shader compiler UnityShaderCompiler.exe after 0.03 seconds
Refreshing native plugins compatible for Editor in 0.64 ms, found 3 plugins.
Preloading 0 native plugins for Editor in 0.00 ms.
Unloading 3634 Unused Serialized files (Serialized files now loaded: 0)
System memory in use before: 133.5 MB.
System memory in use after: 133.6 MB.

Unloading 26 unused Assets to reduce memory usage. Loaded Objects now: 4086.
Total: 3.212200 ms (FindLiveObjects: 0.229800 ms CreateObjectMapping: 0.084400 ms MarkObjects: 2.838300 ms  DeleteObjects: 0.059100 ms)

AssetImportParameters requested are different than current active one (requested -> active):
  custom:framework-win-MediaFoundation: 216162199b28c13a410421893ffa2e32 -> 
  custom:video-decoder-ogg-theora: a1e56fd34408186e4bbccfd4996cb3dc -> 
  custom:container-muxer-webm: aa71ff27fc2769a1b78a27578f13a17b -> 
  custom:container-demuxer-webm: 4f35f7cbe854078d1ac9338744f61a02 -> 
  custom:container-demuxer-ogg: 62fdf1f143b41e24485cea50d1cbac27 -> 
  custom:video-encoder-webm-vp8: eb34c28f22e8b96e1ab97ce403110664 -> 
  custom:video-decoder-webm-vp8: 9c59270c3fd7afecdb556c50c9e8de78 -> 
  custom:audio-decoder-ogg-vorbis: bf7c407c2cedff20999df2af8eb42d56 -> 
  custom:audio-encoder-webm-vorbis: bf7c407c2cedff20999df2af8eb42d56 -> 
========================================================================
Received Import Request.
  path: Assets/Prefabs/CartoonHeavyWeights/OneTon_Rigidbody.prefab
  artifactKey: Guid(d2ab2f0b695a9d843aba2c6751661b1e) Importer(815301076,1909f56bfc062723c751e8b465ee728b)
Start importing Assets/Prefabs/CartoonHeavyWeights/OneTon_Rigidbody.prefab using Guid(d2ab2f0b695a9d843aba2c6751661b1e) Importer(815301076,1909f56bfc062723c751e8b465ee728b)  -> (artifact id: '9aa7d0d828984e4d72fc80b5f4921942') in 0.093626 seconds 
========================================================================
Received Import Request.
  Time since last request: 179.440105 seconds.
  path: Assets/Prefabs/QuizBlock.prefab
  artifactKey: Guid(a41325ed732742b4d82aa6b4f1f3c7e2) Importer(815301076,1909f56bfc062723c751e8b465ee728b)
Start importing Assets/Prefabs/QuizBlock.prefab using Guid(a41325ed732742b4d82aa6b4f1f3c7e2) Importer(815301076,1909f56bfc062723c751e8b465ee728b)  -> (artifact id: '31339f8a5622595dd12a42491a25366b') in 0.052883 seconds 
========================================================================
Received Import Request.
  Time since last request: 10.198994 seconds.
  path: Assets/Prefabs/LearnBlock.prefab
  artifactKey: Guid(75a2a05d8a023f14c9fb5143c214449c) Importer(815301076,1909f56bfc062723c751e8b465ee728b)
Start importing Assets/Prefabs/LearnBlock.prefab using Guid(75a2a05d8a023f14c9fb5143c214449c) Importer(815301076,1909f56bfc062723c751e8b465ee728b)  -> (artifact id: '013459b6013f3e47fcbd3e602e83730d') in 0.034124 seconds 
========================================================================
Received Import Request.
  Time since last request: 16.764121 seconds.
  path: Assets/Prefabs/LearnBlock.prefab
  artifactKey: Guid(75a2a05d8a023f14c9fb5143c214449c) Importer(815301076,1909f56bfc062723c751e8b465ee728b)
Start importing Assets/Prefabs/LearnBlock.prefab using Guid(75a2a05d8a023f14c9fb5143c214449c) Importer(815301076,1909f56bfc062723c751e8b465ee728b)  -> (artifact id: '01dc1f064fd37ca61743f8c05725d9d2') in 0.025319 seconds 
========================================================================
Received Import Request.
  Time since last request: 12.897270 seconds.
  path: Assets/Prefabs/QuizBlock.prefab
  artifactKey: Guid(a41325ed732742b4d82aa6b4f1f3c7e2) Importer(815301076,1909f56bfc062723c751e8b465ee728b)
Start importing Assets/Prefabs/QuizBlock.prefab using Guid(a41325ed732742b4d82aa6b4f1f3c7e2) Importer(815301076,1909f56bfc062723c751e8b465ee728b)  -> (artifact id: 'bc6992e2bbe0b1b96908bd8009331992') in 0.025827 seconds 
========================================================================
Received Import Request.
  Time since last request: 35.370419 seconds.
  path: Assets/Prefabs/EasyPrimativeAnimals/Chicken.prefab
  artifactKey: Guid(8334f59493b078b4692d7722c7e53613) Importer(815301076,1909f56bfc062723c751e8b465ee728b)
Start importing Assets/Prefabs/EasyPrimativeAnimals/Chicken.prefab using Guid(8334f59493b078b4692d7722c7e53613) Importer(815301076,1909f56bfc062723c751e8b465ee728b)  -> (artifact id: '645024e7f9e0c026fdf8eaca9e9d6b66') in 0.015888 seconds 
========================================================================
Received Import Request.
  Time since last request: 1.010500 seconds.
  path: Assets/Prefabs/EasyPrimativeAnimals/Cow.prefab
  artifactKey: Guid(c201959f37294c44983d816902b37cc5) Importer(815301076,1909f56bfc062723c751e8b465ee728b)
Start importing Assets/Prefabs/EasyPrimativeAnimals/Cow.prefab using Guid(c201959f37294c44983d816902b37cc5) Importer(815301076,1909f56bfc062723c751e8b465ee728b)  -> (artifact id: '24afaffb3db9b60d9478e92343bf4134') in 0.018542 seconds 
========================================================================
Received Import Request.
  Time since last request: 2.256789 seconds.
  path: Assets/Prefabs/EasyPrimativeAnimals/Cow.prefab
  artifactKey: Guid(c201959f37294c44983d816902b37cc5) Importer(815301076,1909f56bfc062723c751e8b465ee728b)
Start importing Assets/Prefabs/EasyPrimativeAnimals/Cow.prefab using Guid(c201959f37294c44983d816902b37cc5) Importer(815301076,1909f56bfc062723c751e8b465ee728b)  -> (artifact id: '51283c90758370601718cfa8882cfa74') in 0.010050 seconds 
========================================================================
Received Import Request.
  Time since last request: 1.087914 seconds.
  path: Assets/Prefabs/EasyPrimativeAnimals/FarmAnimals.prefab
  artifactKey: Guid(2f86c50b8144cd647b4de2a7a11af321) Importer(815301076,1909f56bfc062723c751e8b465ee728b)
Start importing Assets/Prefabs/EasyPrimativeAnimals/FarmAnimals.prefab using Guid(2f86c50b8144cd647b4de2a7a11af321) Importer(815301076,1909f56bfc062723c751e8b465ee728b)  -> (artifact id: '829bfbbaeb92eae8154ba6e9c929cbab') in 0.024416 seconds 
========================================================================
Received Import Request.
  Time since last request: 0.896876 seconds.
  path: Assets/Prefabs/EasyPrimativeAnimals/FarmAnimalsCollection.prefab
  artifactKey: Guid(d4fa088539a4bf14a83f5cab2a307a9f) Importer(815301076,1909f56bfc062723c751e8b465ee728b)
Start importing Assets/Prefabs/EasyPrimativeAnimals/FarmAnimalsCollection.prefab using Guid(d4fa088539a4bf14a83f5cab2a307a9f) Importer(815301076,1909f56bfc062723c751e8b465ee728b)  -> (artifact id: '5d2fa8ce133d64bfa9a79c6c0bfefa96') in 0.016485 seconds 
========================================================================
Received Import Request.
  Time since last request: 6.591144 seconds.
  path: Assets/Prefabs/EasyPrimativeAnimals/Pig.prefab
  artifactKey: Guid(2ba734fa0c324b04697425bb852696b6) Importer(815301076,1909f56bfc062723c751e8b465ee728b)
Start importing Assets/Prefabs/EasyPrimativeAnimals/Pig.prefab using Guid(2ba734fa0c324b04697425bb852696b6) Importer(815301076,1909f56bfc062723c751e8b465ee728b)  -> (artifact id: '3efa8c0e5bd8d55705e7e615af296426') in 0.011282 seconds 
========================================================================
Received Import Request.
  Time since last request: 0.969374 seconds.
  path: Assets/Prefabs/EasyPrimativeAnimals/Sheep.prefab
  artifactKey: Guid(f8d7f83722beac346a8af8afe55b7bbb) Importer(815301076,1909f56bfc062723c751e8b465ee728b)
Start importing Assets/Prefabs/EasyPrimativeAnimals/Sheep.prefab using Guid(f8d7f83722beac346a8af8afe55b7bbb) Importer(815301076,1909f56bfc062723c751e8b465ee728b)  -> (artifact id: 'df32cc33fc8e72f84bb7b2c479d7f92e') in 0.011799 seconds 
========================================================================
Received Import Request.
  Time since last request: 3.820317 seconds.
  path: Assets/Prefabs/EasyPrimativeAnimals/Sheep.prefab
  artifactKey: Guid(f8d7f83722beac346a8af8afe55b7bbb) Importer(815301076,1909f56bfc062723c751e8b465ee728b)
Start importing Assets/Prefabs/EasyPrimativeAnimals/Sheep.prefab using Guid(f8d7f83722beac346a8af8afe55b7bbb) Importer(815301076,1909f56bfc062723c751e8b465ee728b)  -> (artifact id: '2aa13ce0b86b35457390cd9e12a5d46b') in 0.009034 seconds 
========================================================================
Received Prepare
Refreshing native plugins compatible for Editor in 3.26 ms, found 3 plugins.
Preloading 0 native plugins for Editor in 0.00 ms.
Unloading 16 Unused Serialized files (Serialized files now loaded: 0)
System memory in use before: 66.0 MB.
System memory in use after: 66.3 MB.

Unloading 15 unused Assets to reduce memory usage. Loaded Objects now: 4098.
Total: 3.966500 ms (FindLiveObjects: 0.350900 ms CreateObjectMapping: 0.092100 ms MarkObjects: 3.508800 ms  DeleteObjects: 0.013800 ms)

AssetImportParameters requested are different than current active one (requested -> active):
  custom:framework-win-MediaFoundation: 216162199b28c13a410421893ffa2e32 -> 
  custom:video-decoder-ogg-theora: a1e56fd34408186e4bbccfd4996cb3dc -> 
  custom:container-muxer-webm: aa71ff27fc2769a1b78a27578f13a17b -> 
  custom:container-demuxer-webm: 4f35f7cbe854078d1ac9338744f61a02 -> 
  custom:container-demuxer-ogg: 62fdf1f143b41e24485cea50d1cbac27 -> 
  custom:video-encoder-webm-vp8: eb34c28f22e8b96e1ab97ce403110664 -> 
  custom:video-decoder-webm-vp8: 9c59270c3fd7afecdb556c50c9e8de78 -> 
  custom:audio-decoder-ogg-vorbis: bf7c407c2cedff20999df2af8eb42d56 -> 
  custom:audio-encoder-webm-vorbis: bf7c407c2cedff20999df2af8eb42d56 -> 
========================================================================
Received Import Request.
  Time since last request: 5382.756018 seconds.
  path: Assets/Scripts/3rdParty/ScrollSnapRect_Credits.txt
  artifactKey: Guid(0b32dcf8e6c4398489f51f4d4bde6ffb) Importer(815301076,1909f56bfc062723c751e8b465ee728b)
Start importing Assets/Scripts/3rdParty/ScrollSnapRect_Credits.txt using Guid(0b32dcf8e6c4398489f51f4d4bde6ffb) Importer(815301076,1909f56bfc062723c751e8b465ee728b)  -> (artifact id: 'edd9f604d3ef04f5e689a8e12eda88c0') in 0.010303 seconds 
AssetImportWorkerClient::OnTransportError - code=2 error=End of file
